GROUP,PACKAGE,CLASS,INSTRUCTION_MISSED,INSTRUCTION_COVERED,BRANCH_MISSED,BRANCH_COVERED,LINE_MISSED,LINE_COVERED,COMPLEXITY_MISSED,COMPLEXITY_COVERED,METHOD_MISSED,METHOD_COVERED
service-negationscope,org.statnlp.services.negationscope.config,SwaggerConfig,0,15,0,0,0,6,0,2,0,2
service-negationscope,org.statnlp.services.negationscope.config,WebConfig,0,38,0,0,0,9,0,2,0,2
service-negationscope,org.statnlp.services.negationscope.service,DetectionServiceImpl,0,15,0,0,0,4,0,2,0,2
service-negationscope,org.statnlp.services.negationscope.rest,DetectionRest,0,13,0,0,0,4,0,2,0,2
service-negationscope,org.statnlp.services.negationscope.rest,DetectionRequest,0,26,0,0,0,12,0,6,0,6
service-negationscope,org.statnlp.services.negationscope,NegationScopeApplication,5,6,0,0,2,3,1,1,1,1
