GROUP,PACKAGE,CLASS,INSTRUCTION_MISSED,INSTRUCTION_COVERED,BRANCH_MISSED,BRANCH_COVERED,LINE_MISSED,LINE_COVERED,COMPLEXITY_MISSED,COMPLEXITY_COVERED,METHOD_MISSED,METHOD_COVERED
service-negationscope,org.statnlp.services.negationscope.config,SwaggerConfig,0,23,0,0,0,8,0,2,0,2
service-negationscope,org.statnlp.services.negationscope.config,WebConfig,5,46,0,0,2,11,1,2,1,2
service-negationscope,org.statnlp.services.negationscope.service,DetectionServiceImpl,0,24,0,0,0,6,0,2,0,2
service-negationscope,org.statnlp.services.negationscope.rest,DetectionRest,0,22,0,0,0,6,0,2,0,2
service-negationscope,org.statnlp.services.negationscope.rest,DetectionRequest,0,46,0,0,0,14,0,7,0,7
service-negationscope,org.statnlp.services.negationscope,NegationScopeApplication,59,10,0,0,10,4,1,2,1,2
